0 info it worked if it ends with ok
1 verbose cli [ 'C:\\Program Files\\nodejs\\node.exe',
1 verbose cli   'C:\\Users\\tyler\\AppData\\Roaming\\npm\\node_modules\\npm\\bin\\npm-cli.js',
1 verbose cli   'install',
1 verbose cli   'pygame' ]
2 info using npm@3.10.10
3 info using node@v9.5.0
4 verbose config Skipping project config: C:\Users\tyler/.npmrc. (matches userconfig)
5 silly loadCurrentTree Starting
6 silly install loadCurrentTree
7 silly install readLocalPackageData
8 silly fetchPackageMetaData pygame
9 silly fetchNamedPackageData pygame
10 silly mapToRegistry name pygame
11 silly mapToRegistry using default registry
12 silly mapToRegistry registry https://registry.npmjs.org/
13 silly mapToRegistry data Result {
13 silly mapToRegistry   raw: 'pygame',
13 silly mapToRegistry   scope: null,
13 silly mapToRegistry   escapedName: 'pygame',
13 silly mapToRegistry   name: 'pygame',
13 silly mapToRegistry   rawSpec: '',
13 silly mapToRegistry   spec: 'latest',
13 silly mapToRegistry   type: 'tag' }
14 silly mapToRegistry uri https://registry.npmjs.org/pygame
15 verbose request uri https://registry.npmjs.org/pygame
16 verbose request no auth needed
17 info attempt registry request try #1 at 13:40:39
18 verbose request id d0232dbf2e9f7bfd
19 http request GET https://registry.npmjs.org/pygame
20 http 404 https://registry.npmjs.org/pygame
21 verbose headers { 'content-type': 'application/json',
21 verbose headers   'cache-control': 'max-age=0',
21 verbose headers   'content-length': '2',
21 verbose headers   'accept-ranges': 'bytes',
21 verbose headers   date: 'Mon, 12 Mar 2018 18:40:37 GMT',
21 verbose headers   via: '1.1 varnish',
21 verbose headers   connection: 'keep-alive',
21 verbose headers   'x-served-by': 'cache-dfw18634-DFW',
21 verbose headers   'x-cache': 'MISS',
21 verbose headers   'x-cache-hits': '0',
21 verbose headers   'x-timer': 'S1520880037.271540,VS0,VE449',
21 verbose headers   vary: 'Accept-Encoding' }
22 silly get cb [ 404,
22 silly get   { 'content-type': 'application/json',
22 silly get     'cache-control': 'max-age=0',
22 silly get     'content-length': '2',
22 silly get     'accept-ranges': 'bytes',
22 silly get     date: 'Mon, 12 Mar 2018 18:40:37 GMT',
22 silly get     via: '1.1 varnish',
22 silly get     connection: 'keep-alive',
22 silly get     'x-served-by': 'cache-dfw18634-DFW',
22 silly get     'x-cache': 'MISS',
22 silly get     'x-cache-hits': '0',
22 silly get     'x-timer': 'S1520880037.271540,VS0,VE449',
22 silly get     vary: 'Accept-Encoding' } ]
23 silly fetchPackageMetaData Error: Registry returned 404 for GET on https://registry.npmjs.org/pygame
23 silly fetchPackageMetaData     at makeError (C:\Users\tyler\AppData\Roaming\npm\node_modules\npm\node_modules\npm-registry-client\lib\request.js:302:12)
23 silly fetchPackageMetaData     at CachingRegistryClient.<anonymous> (C:\Users\tyler\AppData\Roaming\npm\node_modules\npm\node_modules\npm-registry-client\lib\request.js:280:14)
23 silly fetchPackageMetaData     at Request._callback (C:\Users\tyler\AppData\Roaming\npm\node_modules\npm\node_modules\npm-registry-client\lib\request.js:210:14)
23 silly fetchPackageMetaData     at Request.self.callback (C:\Users\tyler\AppData\Roaming\npm\node_modules\npm\node_modules\request\request.js:187:22)
23 silly fetchPackageMetaData     at Request.emit (events.js:160:13)
23 silly fetchPackageMetaData     at Request.<anonymous> (C:\Users\tyler\AppData\Roaming\npm\node_modules\npm\node_modules\request\request.js:1048:10)
23 silly fetchPackageMetaData     at Request.emit (events.js:160:13)
23 silly fetchPackageMetaData     at IncomingMessage.<anonymous> (C:\Users\tyler\AppData\Roaming\npm\node_modules\npm\node_modules\request\request.js:969:12)
23 silly fetchPackageMetaData     at IncomingMessage.emit (events.js:165:20)
23 silly fetchPackageMetaData     at endReadableNT (_stream_readable.js:1101:12)
23 silly fetchPackageMetaData  error for pygame { Error: Registry returned 404 for GET on https://registry.npmjs.org/pygame
23 silly fetchPackageMetaData     at makeError (C:\Users\tyler\AppData\Roaming\npm\node_modules\npm\node_modules\npm-registry-client\lib\request.js:302:12)
23 silly fetchPackageMetaData     at CachingRegistryClient.<anonymous> (C:\Users\tyler\AppData\Roaming\npm\node_modules\npm\node_modules\npm-registry-client\lib\request.js:280:14)
23 silly fetchPackageMetaData     at Request._callback (C:\Users\tyler\AppData\Roaming\npm\node_modules\npm\node_modules\npm-registry-client\lib\request.js:210:14)
23 silly fetchPackageMetaData     at Request.self.callback (C:\Users\tyler\AppData\Roaming\npm\node_modules\npm\node_modules\request\request.js:187:22)
23 silly fetchPackageMetaData     at Request.emit (events.js:160:13)
23 silly fetchPackageMetaData     at Request.<anonymous> (C:\Users\tyler\AppData\Roaming\npm\node_modules\npm\node_modules\request\request.js:1048:10)
23 silly fetchPackageMetaData     at Request.emit (events.js:160:13)
23 silly fetchPackageMetaData     at IncomingMessage.<anonymous> (C:\Users\tyler\AppData\Roaming\npm\node_modules\npm\node_modules\request\request.js:969:12)
23 silly fetchPackageMetaData     at IncomingMessage.emit (events.js:165:20)
23 silly fetchPackageMetaData     at endReadableNT (_stream_readable.js:1101:12) pkgid: 'pygame', statusCode: 404, code: 'E404' }
24 silly rollbackFailedOptional Starting
25 silly rollbackFailedOptional Finishing
26 silly runTopLevelLifecycles Finishing
27 silly install printInstalled
28 verbose stack Error: Registry returned 404 for GET on https://registry.npmjs.org/pygame
28 verbose stack     at makeError (C:\Users\tyler\AppData\Roaming\npm\node_modules\npm\node_modules\npm-registry-client\lib\request.js:302:12)
28 verbose stack     at CachingRegistryClient.<anonymous> (C:\Users\tyler\AppData\Roaming\npm\node_modules\npm\node_modules\npm-registry-client\lib\request.js:280:14)
28 verbose stack     at Request._callback (C:\Users\tyler\AppData\Roaming\npm\node_modules\npm\node_modules\npm-registry-client\lib\request.js:210:14)
28 verbose stack     at Request.self.callback (C:\Users\tyler\AppData\Roaming\npm\node_modules\npm\node_modules\request\request.js:187:22)
28 verbose stack     at Request.emit (events.js:160:13)
28 verbose stack     at Request.<anonymous> (C:\Users\tyler\AppData\Roaming\npm\node_modules\npm\node_modules\request\request.js:1048:10)
28 verbose stack     at Request.emit (events.js:160:13)
28 verbose stack     at IncomingMessage.<anonymous> (C:\Users\tyler\AppData\Roaming\npm\node_modules\npm\node_modules\request\request.js:969:12)
28 verbose stack     at IncomingMessage.emit (events.js:165:20)
28 verbose stack     at endReadableNT (_stream_readable.js:1101:12)
29 verbose statusCode 404
30 verbose pkgid pygame
31 verbose cwd C:\Users\tyler\Google_Drive\Coding\Python\CheckersAI
32 error Windows_NT 10.0.15063
33 error argv "C:\\Program Files\\nodejs\\node.exe" "C:\\Users\\tyler\\AppData\\Roaming\\npm\\node_modules\\npm\\bin\\npm-cli.js" "install" "pygame"
34 error node v9.5.0
35 error npm  v3.10.10
36 error code E404
37 error 404 Registry returned 404 for GET on https://registry.npmjs.org/pygame
38 error 404
39 error 404 'pygame' is not in the npm registry.
40 error 404 You should bug the author to publish it (or use the name yourself!)
41 error 404 Note that you can also install from a
42 error 404 tarball, folder, http url, or git url.
43 verbose exit [ 1, true ]
